# JRE version: OpenJDK Runtime Environment Temurin-21.0.2+13 (21.0.2+13) (build 21.0.2+13-LTS)
# Java VM: OpenJDK 64-Bit Server VM Temurin-21.0.2+13 (21.0.2+13-LTS, mixed mode, sharing, compressed class ptrs, parallel gc, linux-amd64)
GC Precious Log:
 CardTable entry size: 512
 CPUs: 64 total, 64 available
 Memory: 251G
 Large Page Support: Disabled
 NUMA Support: Disabled
 Compressed Oops: Disabled
 Alignments: Space 512K, Generation 512K, Heap 2M
 Heap Min Capacity: 128G
 Heap Initial Capacity: 128G
 Heap Max Capacity: 128G
 Pre-touch: Disabled
 Parallel Workers: 43
Heap:
 PSYoungGen      total 39147008K, used 6712107K [0x0000145a09d80000, 0x00001464b4800000, 0x00001464b4800000)
  eden space 33554944K, 20% used [0x0000145a09d80000,0x0000145ba384acb8,0x0000146209e00000)
  from space 5592064K, 0% used [0x000014635f300000,0x000014635f300000,0x00001464b4800000)
  to   space 5592064K, 0% used [0x0000146209e00000,0x0000146209e00000,0x000014635f300000)
 ParOldGen       total 60864512K, used 19442403K [0x00001444b4800000, 0x0000145337600000, 0x0000145a09d80000)
  object space 60864512K, 31% used [0x00001444b4800000,0x00001449572b8f08,0x0000145337600000)
 Metaspace       used 1251K, committed 1344K, reserved 1114112K
  class space    used 124K, committed 192K, reserved 1048576K
GC Heap History (6 events):
Event: 2.685 GC heap before
{Heap before GC invocations=1 (full 0):
 PSYoungGen      total 39147008K, used 30639561K [0x0000145a09d80000, 0x00001464b4800000, 0x00001464b4800000)
  eden space 33554944K, 91% used [0x0000145a09d80000,0x0000146157ef25d8,0x0000146209e00000)
  from space 5592064K, 0% used [0x000014635f300000,0x000014635f300000,0x00001464b4800000)
  to   space 5592064K, 0% used [0x0000146209e00000,0x0000146209e00000,0x000014635f300000)
 ParOldGen       total 89478656K, used 0K [0x00001444b4800000, 0x0000145a09d80000, 0x0000145a09d80000)
  object space 89478656K, 0% used [0x00001444b4800000,0x00001444b4800000,0x0000145a09d80000)
 Metaspace       used 1182K, committed 1344K, reserved 1114112K
  class space    used 117K, committed 192K, reserved 1048576K
}
Event: 4.533 GC heap after
{Heap after GC invocations=1 (full 0):
 PSYoungGen      total 39147008K, used 2682K [0x0000145a09d80000, 0x00001464b4800000, 0x00001464b4800000)
  eden space 33554944K, 0% used [0x0000145a09d80000,0x0000145a09d80000,0x0000146209e00000)
  from space 5592064K, 0% used [0x0000146209e00000,0x000014620a09eb80,0x000014635f300000)
  to   space 5592064K, 0% used [0x000014635f300000,0x000014635f300000,0x00001464b4800000)
 ParOldGen       total 89478656K, used 6480008K [0x00001444b4800000, 0x0000145a09d80000, 0x0000145a09d80000)
  object space 89478656K, 7% used [0x00001444b4800000,0x0000144640022010,0x0000145a09d80000)
 Metaspace       used 1182K, committed 1344K, reserved 1114112K
  class space    used 117K, committed 192K, reserved 1048576K
}
Event: 187.347 GC heap before
{Heap before GC invocations=2 (full 0):
 PSYoungGen      total 39147008K, used 33557626K [0x0000145a09d80000, 0x00001464b4800000, 0x00001464b4800000)
  eden space 33554944K, 100% used [0x0000145a09d80000,0x0000146209e00000,0x0000146209e00000)
  from space 5592064K, 0% used [0x0000146209e00000,0x000014620a09eb80,0x000014635f300000)
  to   space 5592064K, 0% used [0x000014635f300000,0x000014635f300000,0x00001464b4800000)
 ParOldGen       total 89478656K, used 6480008K [0x00001444b4800000, 0x0000145a09d80000, 0x0000145a09d80000)
  object space 89478656K, 7% used [0x00001444b4800000,0x0000144640022010,0x0000145a09d80000)
 Metaspace       used 1251K, committed 1344K, reserved 1114112K
  class space    used 124K, committed 192K, reserved 1048576K
}
Event: 192.644 GC heap after
{Heap after GC invocations=2 (full 0):
 PSYoungGen      total 39147008K, used 33557626K [0x0000145a09d80000, 0x00001464b4800000, 0x00001464b4800000)
  eden space 33554944K, 100% used [0x0000145a09d80000,0x0000146209e00000,0x0000146209e00000)
  from space 5592064K, 0% used [0x0000146209e00000,0x000014620a09eb80,0x000014635f300000)
  to   space 5592064K, 0% used [0x000014635f300000,0x000014635f5a6ba0,0x00001464b4800000)
 ParOldGen       total 89478656K, used 84240016K [0x00001444b4800000, 0x0000145a09d80000, 0x0000145a09d80000)
  object space 89478656K, 94% used [0x00001444b4800000,0x00001458ca1a40d0,0x0000145a09d80000)
 Metaspace       used 1251K, committed 1344K, reserved 1114112K
  class space    used 124K, committed 192K, reserved 1048576K
}
Event: 192.645 GC heap before
{Heap before GC invocations=3 (full 1):
 PSYoungGen      total 39147008K, used 33557626K [0x0000145a09d80000, 0x00001464b4800000, 0x00001464b4800000)
  eden space 33554944K, 100% used [0x0000145a09d80000,0x0000146209e00000,0x0000146209e00000)
  from space 5592064K, 0% used [0x0000146209e00000,0x000014620a09eb80,0x000014635f300000)
  to   space 5592064K, 0% used [0x000014635f300000,0x000014635f5a6ba0,0x00001464b4800000)
 ParOldGen       total 89478656K, used 84240016K [0x00001444b4800000, 0x0000145a09d80000, 0x0000145a09d80000)
  object space 89478656K, 94% used [0x00001444b4800000,0x00001458ca1a40d0,0x0000145a09d80000)
 Metaspace       used 1251K, committed 1344K, reserved 1114112K
  class space    used 124K, committed 192K, reserved 1048576K
}
Event: 194.607 GC heap after
{Heap after GC invocations=3 (full 1):
 PSYoungGen      total 39147008K, used 0K [0x0000145a09d80000, 0x00001464b4800000, 0x00001464b4800000)
  eden space 33554944K, 0% used [0x0000145a09d80000,0x0000145a09d80000,0x0000146209e00000)
  from space 5592064K, 0% used [0x000014635f300000,0x000014635f300000,0x00001464b4800000)
  to   space 5592064K, 0% used [0x0000146209e00000,0x0000146209e00000,0x000014635f300000)
 ParOldGen       total 60864512K, used 19442403K [0x00001444b4800000, 0x0000145337600000, 0x0000145a09d80000)
  object space 60864512K, 31% used [0x00001444b4800000,0x00001449572b8f08,0x0000145337600000)
 Metaspace       used 1251K, committed 1344K, reserved 1114112K
  class space    used 124K, committed 192K, reserved 1048576K
}

