# JRE version: OpenJDK Runtime Environment Temurin-21.0.2+13 (21.0.2+13) (build 21.0.2+13-LTS)
# Java VM: OpenJDK 64-Bit Server VM Temurin-21.0.2+13 (21.0.2+13-LTS, mixed mode, sharing, compressed class ptrs, parallel gc, linux-amd64)
GC Precious Log:
 CardTable entry size: 512
 CPUs: 64 total, 2 available
 Memory: 251G
 Large Page Support: Disabled
 NUMA Support: Disabled
 Compressed Oops: Disabled
 Alignments: Space 512K, Generation 512K, Heap 2M
 Heap Min Capacity: 128G
 Heap Initial Capacity: 128G
 Heap Max Capacity: 128G
 Pre-touch: Disabled
 Parallel Workers: 2
Heap:
 PSYoungGen      total 39147008K, used 14253526K [0x000014e0d5d80000, 0x000014eb80800000, 0x000014eb80800000)
  eden space 33554944K, 42% used [0x000014e0d5d80000,0x000014e43bb0b048,0x000014e8d5e00000)
  from space 5592064K, 0% used [0x000014e8d5e00000,0x000014e8d5feaba0,0x000014ea2b300000)
  to   space 5592064K, 0% used [0x000014ea2b300000,0x000014ea2b300000,0x000014eb80800000)
 ParOldGen       total 89478656K, used 25920000K [0x000014cb80800000, 0x000014e0d5d80000, 0x000014e0d5d80000)
  object space 89478656K, 28% used [0x000014cb80800000,0x000014d1ae880040,0x000014e0d5d80000)
 Metaspace       used 1270K, committed 1472K, reserved 1114112K
  class space    used 125K, committed 192K, reserved 1048576K
GC Heap History (6 events):
Event: 44.511 GC heap before
{Heap before GC invocations=1 (full 0):
 PSYoungGen      total 39147008K, used 33554944K [0x000014e0d5d80000, 0x000014eb80800000, 0x000014eb80800000)
  eden space 33554944K, 100% used [0x000014e0d5d80000,0x000014e8d5e00000,0x000014e8d5e00000)
  from space 5592064K, 0% used [0x000014ea2b300000,0x000014ea2b300000,0x000014eb80800000)
  to   space 5592064K, 0% used [0x000014e8d5e00000,0x000014e8d5e00000,0x000014ea2b300000)
 ParOldGen       total 89478656K, used 0K [0x000014cb80800000, 0x000014e0d5d80000, 0x000014e0d5d80000)
  object space 89478656K, 0% used [0x000014cb80800000,0x000014cb80800000,0x000014e0d5d80000)
 Metaspace       used 1246K, committed 1408K, reserved 1114112K
  class space    used 123K, committed 192K, reserved 1048576K
}
Event: 50.230 GC heap after
{Heap after GC invocations=1 (full 0):
 PSYoungGen      total 39147008K, used 2026K [0x000014e0d5d80000, 0x000014eb80800000, 0x000014eb80800000)
  eden space 33554944K, 0% used [0x000014e0d5d80000,0x000014e0d5d80000,0x000014e8d5e00000)
  from space 5592064K, 0% used [0x000014e8d5e00000,0x000014e8d5ffaba0,0x000014ea2b300000)
  to   space 5592064K, 0% used [0x000014ea2b300000,0x000014ea2b300000,0x000014eb80800000)
 ParOldGen       total 89478656K, used 25920000K [0x000014cb80800000, 0x000014e0d5d80000, 0x000014e0d5d80000)
  object space 89478656K, 28% used [0x000014cb80800000,0x000014d1ae880040,0x000014e0d5d80000)
 Metaspace       used 1246K, committed 1408K, reserved 1114112K
  class space    used 123K, committed 192K, reserved 1048576K
}
Event: 150.181 GC heap before
{Heap before GC invocations=2 (full 0):
 PSYoungGen      total 39147008K, used 33556970K [0x000014e0d5d80000, 0x000014eb80800000, 0x000014eb80800000)
  eden space 33554944K, 100% used [0x000014e0d5d80000,0x000014e8d5e00000,0x000014e8d5e00000)
  from space 5592064K, 0% used [0x000014e8d5e00000,0x000014e8d5ffaba0,0x000014ea2b300000)
  to   space 5592064K, 0% used [0x000014ea2b300000,0x000014ea2b300000,0x000014eb80800000)
 ParOldGen       total 89478656K, used 25920000K [0x000014cb80800000, 0x000014e0d5d80000, 0x000014e0d5d80000)
  object space 89478656K, 28% used [0x000014cb80800000,0x000014d1ae880040,0x000014e0d5d80000)
 Metaspace       used 1248K, committed 1408K, reserved 1114112K
  class space    used 123K, committed 192K, reserved 1048576K
}
Event: 150.334 GC heap after
{Heap after GC invocations=2 (full 0):
 PSYoungGen      total 39147008K, used 1962K [0x000014e0d5d80000, 0x000014eb80800000, 0x000014eb80800000)
  eden space 33554944K, 0% used [0x000014e0d5d80000,0x000014e0d5d80000,0x000014e8d5e00000)
  from space 5592064K, 0% used [0x000014ea2b300000,0x000014ea2b4eaba0,0x000014eb80800000)
  to   space 5592064K, 0% used [0x000014e8d5e00000,0x000014e8d5e00000,0x000014ea2b300000)
 ParOldGen       total 89478656K, used 25920000K [0x000014cb80800000, 0x000014e0d5d80000, 0x000014e0d5d80000)
  object space 89478656K, 28% used [0x000014cb80800000,0x000014d1ae880040,0x000014e0d5d80000)
 Metaspace       used 1248K, committed 1408K, reserved 1114112K
  class space    used 123K, committed 192K, reserved 1048576K
}
Event: 243.786 GC heap before
{Heap before GC invocations=3 (full 0):
 PSYoungGen      total 39147008K, used 33556906K [0x000014e0d5d80000, 0x000014eb80800000, 0x000014eb80800000)
  eden space 33554944K, 100% used [0x000014e0d5d80000,0x000014e8d5e00000,0x000014e8d5e00000)
  from space 5592064K, 0% used [0x000014ea2b300000,0x000014ea2b4eaba0,0x000014eb80800000)
  to   space 5592064K, 0% used [0x000014e8d5e00000,0x000014e8d5e00000,0x000014ea2b300000)
 ParOldGen       total 89478656K, used 25920000K [0x000014cb80800000, 0x000014e0d5d80000, 0x000014e0d5d80000)
  object space 89478656K, 28% used [0x000014cb80800000,0x000014d1ae880040,0x000014e0d5d80000)
 Metaspace       used 1248K, committed 1408K, reserved 1114112K
  class space    used 123K, committed 192K, reserved 1048576K
}
Event: 243.909 GC heap after
{Heap after GC invocations=3 (full 0):
 PSYoungGen      total 39147008K, used 1962K [0x000014e0d5d80000, 0x000014eb80800000, 0x000014eb80800000)
  eden space 33554944K, 0% used [0x000014e0d5d80000,0x000014e0d5d80000,0x000014e8d5e00000)
  from space 5592064K, 0% used [0x000014e8d5e00000,0x000014e8d5feaba0,0x000014ea2b300000)
  to   space 5592064K, 0% used [0x000014ea2b300000,0x000014ea2b300000,0x000014eb80800000)
 ParOldGen       total 89478656K, used 25920000K [0x000014cb80800000, 0x000014e0d5d80000, 0x000014e0d5d80000)
  object space 89478656K, 28% used [0x000014cb80800000,0x000014d1ae880040,0x000014e0d5d80000)
 Metaspace       used 1248K, committed 1408K, reserved 1114112K
  class space    used 123K, committed 192K, reserved 1048576K
}

