# JRE version: OpenJDK Runtime Environment Temurin-21.0.2+13 (21.0.2+13) (build 21.0.2+13-LTS)
# Java VM: OpenJDK 64-Bit Server VM Temurin-21.0.2+13 (21.0.2+13-LTS, mixed mode, sharing, compressed class ptrs, parallel gc, linux-amd64)
GC Precious Log:
 CardTable entry size: 512
 CPUs: 64 total, 64 available
 Memory: 251G
 Large Page Support: Disabled
 NUMA Support: Disabled
 Compressed Oops: Disabled
 Alignments: Space 512K, Generation 512K, Heap 2M
 Heap Min Capacity: 8M
 Heap Initial Capacity: 2G
 Heap Max Capacity: 32G
 Pre-touch: Disabled
 Parallel Workers: 43
Heap:
 PSYoungGen      total 349184K, used 348736K [0x000014a6d5d80000, 0x000014a6f8400000, 0x000014a980800000)
  eden space 348672K, 100% used [0x000014a6d5d80000,0x000014a6eb200000,0x000014a6eb200000)
  from space 512K, 12% used [0x000014a6f8380000,0x000014a6f8390000,0x000014a6f8400000)
  to   space 512K, 0% used [0x000014a6f8300000,0x000014a6f8300000,0x000014a6f8380000)
 ParOldGen       total 20839424K, used 19442242K [0x000014a180800000, 0x000014a678700000, 0x000014a6d5d80000)
  object space 20839424K, 93% used [0x000014a180800000,0x000014a623290948,0x000014a678700000)
 Metaspace       used 1271K, committed 1408K, reserved 1114112K
  class space    used 124K, committed 192K, reserved 1048576K
GC Heap History (20 events):
Event: 261.012 GC heap before
{Heap before GC invocations=61 (full 0):
 PSYoungGen      total 344064K, used 343936K [0x000014a6d5d80000, 0x000014a6f8500000, 0x000014a980800000)
  eden space 343552K, 100% used [0x000014a6d5d80000,0x000014a6ead00000,0x000014a6ead00000)
  from space 512K, 75% used [0x000014a6f8480000,0x000014a6f84e0000,0x000014a6f8500000)
  to   space 1024K, 0% used [0x000014a6f8300000,0x000014a6f8300000,0x000014a6f8400000)
 ParOldGen       total 20839424K, used 19442242K [0x000014a180800000, 0x000014a678700000, 0x000014a6d5d80000)
  object space 20839424K, 93% used [0x000014a180800000,0x000014a623290948,0x000014a678700000)
 Metaspace       used 1271K, committed 1408K, reserved 1114112K
  class space    used 124K, committed 192K, reserved 1048576K
}
Event: 261.047 GC heap after
{Heap after GC invocations=61 (full 0):
 PSYoungGen      total 337920K, used 224K [0x000014a6d5d80000, 0x000014a6f8500000, 0x000014a980800000)
  eden space 336896K, 0% used [0x000014a6d5d80000,0x000014a6d5d80000,0x000014a6ea680000)
  from space 1024K, 21% used [0x000014a6f8300000,0x000014a6f8338000,0x000014a6f8400000)
  to   space 1024K, 0% used [0x000014a6f8400000,0x000014a6f8400000,0x000014a6f8500000)
 ParOldGen       total 20839424K, used 19442242K [0x000014a180800000, 0x000014a678700000, 0x000014a6d5d80000)
  object space 20839424K, 93% used [0x000014a180800000,0x000014a623290948,0x000014a678700000)
 Metaspace       used 1271K, committed 1408K, reserved 1114112K
  class space    used 124K, committed 192K, reserved 1048576K
}
Event: 264.787 GC heap before
{Heap before GC invocations=62 (full 0):
 PSYoungGen      total 337920K, used 337120K [0x000014a6d5d80000, 0x000014a6f8500000, 0x000014a980800000)
  eden space 336896K, 100% used [0x000014a6d5d80000,0x000014a6ea680000,0x000014a6ea680000)
  from space 1024K, 21% used [0x000014a6f8300000,0x000014a6f8338000,0x000014a6f8400000)
  to   space 1024K, 0% used [0x000014a6f8400000,0x000014a6f8400000,0x000014a6f8500000)
 ParOldGen       total 20839424K, used 19442242K [0x000014a180800000, 0x000014a678700000, 0x000014a6d5d80000)
  object space 20839424K, 93% used [0x000014a180800000,0x000014a623290948,0x000014a678700000)
 Metaspace       used 1271K, committed 1408K, reserved 1114112K
  class space    used 124K, committed 192K, reserved 1048576K
}
Event: 264.822 GC heap after
{Heap after GC invocations=62 (full 0):
 PSYoungGen      total 331264K, used 96K [0x000014a6d5d80000, 0x000014a6f8480000, 0x000014a980800000)
  eden space 330752K, 0% used [0x000014a6d5d80000,0x000014a6d5d80000,0x000014a6ea080000)
  from space 512K, 18% used [0x000014a6f8400000,0x000014a6f8418000,0x000014a6f8480000)
  to   space 1024K, 0% used [0x000014a6f8280000,0x000014a6f8280000,0x000014a6f8380000)
 ParOldGen       total 20839424K, used 19442242K [0x000014a180800000, 0x000014a678700000, 0x000014a6d5d80000)
  object space 20839424K, 93% used [0x000014a180800000,0x000014a623290948,0x000014a678700000)
 Metaspace       used 1271K, committed 1408K, reserved 1114112K
  class space    used 124K, committed 192K, reserved 1048576K
}
Event: 268.597 GC heap before
{Heap before GC invocations=63 (full 0):
 PSYoungGen      total 331264K, used 330848K [0x000014a6d5d80000, 0x000014a6f8480000, 0x000014a980800000)
  eden space 330752K, 100% used [0x000014a6d5d80000,0x000014a6ea080000,0x000014a6ea080000)
  from space 512K, 18% used [0x000014a6f8400000,0x000014a6f8418000,0x000014a6f8480000)
  to   space 1024K, 0% used [0x000014a6f8280000,0x000014a6f8280000,0x000014a6f8380000)
 ParOldGen       total 20839424K, used 19442242K [0x000014a180800000, 0x000014a678700000, 0x000014a6d5d80000)
  object space 20839424K, 93% used [0x000014a180800000,0x000014a623290948,0x000014a678700000)
 Metaspace       used 1271K, committed 1408K, reserved 1114112K
  class space    used 124K, committed 192K, reserved 1048576K
}
Event: 268.631 GC heap after
{Heap after GC invocations=63 (full 0):
 PSYoungGen      total 325632K, used 96K [0x000014a6d5d80000, 0x000014a6f8480000, 0x000014a980800000)
  eden space 324608K, 0% used [0x000014a6d5d80000,0x000014a6d5d80000,0x000014a6e9a80000)
  from space 1024K, 9% used [0x000014a6f8280000,0x000014a6f8298000,0x000014a6f8380000)
  to   space 1024K, 0% used [0x000014a6f8380000,0x000014a6f8380000,0x000014a6f8480000)
 ParOldGen       total 20839424K, used 19442242K [0x000014a180800000, 0x000014a678700000, 0x000014a6d5d80000)
  object space 20839424K, 93% used [0x000014a180800000,0x000014a623290948,0x000014a678700000)
 Metaspace       used 1271K, committed 1408K, reserved 1114112K
  class space    used 124K, committed 192K, reserved 1048576K
}
Event: 272.247 GC heap before
{Heap before GC invocations=64 (full 0):
 PSYoungGen      total 325632K, used 324704K [0x000014a6d5d80000, 0x000014a6f8480000, 0x000014a980800000)
  eden space 324608K, 100% used [0x000014a6d5d80000,0x000014a6e9a80000,0x000014a6e9a80000)
  from space 1024K, 9% used [0x000014a6f8280000,0x000014a6f8298000,0x000014a6f8380000)
  to   space 1024K, 0% used [0x000014a6f8380000,0x000014a6f8380000,0x000014a6f8480000)
 ParOldGen       total 20839424K, used 19442242K [0x000014a180800000, 0x000014a678700000, 0x000014a6d5d80000)
  object space 20839424K, 93% used [0x000014a180800000,0x000014a623290948,0x000014a678700000)
 Metaspace       used 1271K, committed 1408K, reserved 1114112K
  class space    used 124K, committed 192K, reserved 1048576K
}
Event: 272.282 GC heap after
{Heap after GC invocations=64 (full 0):
 PSYoungGen      total 318976K, used 160K [0x000014a6d5d80000, 0x000014a6f8400000, 0x000014a980800000)
  eden space 318464K, 0% used [0x000014a6d5d80000,0x000014a6d5d80000,0x000014a6e9480000)
  from space 512K, 31% used [0x000014a6f8380000,0x000014a6f83a8000,0x000014a6f8400000)
  to   space 512K, 0% used [0x000014a6f8300000,0x000014a6f8300000,0x000014a6f8380000)
 ParOldGen       total 20839424K, used 19442242K [0x000014a180800000, 0x000014a678700000, 0x000014a6d5d80000)
  object space 20839424K, 93% used [0x000014a180800000,0x000014a623290948,0x000014a678700000)
 Metaspace       used 1271K, committed 1408K, reserved 1114112K
  class space    used 124K, committed 192K, reserved 1048576K
}
Event: 275.811 GC heap before
{Heap before GC invocations=65 (full 0):
 PSYoungGen      total 318976K, used 318624K [0x000014a6d5d80000, 0x000014a6f8400000, 0x000014a980800000)
  eden space 318464K, 100% used [0x000014a6d5d80000,0x000014a6e9480000,0x000014a6e9480000)
  from space 512K, 31% used [0x000014a6f8380000,0x000014a6f83a8000,0x000014a6f8400000)
  to   space 512K, 0% used [0x000014a6f8300000,0x000014a6f8300000,0x000014a6f8380000)
 ParOldGen       total 20839424K, used 19442242K [0x000014a180800000, 0x000014a678700000, 0x000014a6d5d80000)
  object space 20839424K, 93% used [0x000014a180800000,0x000014a623290948,0x000014a678700000)
 Metaspace       used 1271K, committed 1408K, reserved 1114112K
  class space    used 124K, committed 192K, reserved 1048576K
}
Event: 275.845 GC heap after
{Heap after GC invocations=65 (full 0):
 PSYoungGen      total 313344K, used 160K [0x000014a6d5d80000, 0x000014a6f8400000, 0x000014a980800000)
  eden space 312832K, 0% used [0x000014a6d5d80000,0x000014a6d5d80000,0x000014a6e8f00000)
  from space 512K, 31% used [0x000014a6f8300000,0x000014a6f8328000,0x000014a6f8380000)
  to   space 512K, 0% used [0x000014a6f8380000,0x000014a6f8380000,0x000014a6f8400000)
 ParOldGen       total 20839424K, used 19442242K [0x000014a180800000, 0x000014a678700000, 0x000014a6d5d80000)
  object space 20839424K, 93% used [0x000014a180800000,0x000014a623290948,0x000014a678700000)
 Metaspace       used 1271K, committed 1408K, reserved 1114112K
  class space    used 124K, committed 192K, reserved 1048576K
}
Event: 279.313 GC heap before
{Heap before GC invocations=66 (full 0):
 PSYoungGen      total 313344K, used 312992K [0x000014a6d5d80000, 0x000014a6f8400000, 0x000014a980800000)
  eden space 312832K, 100% used [0x000014a6d5d80000,0x000014a6e8f00000,0x000014a6e8f00000)
  from space 512K, 31% used [0x000014a6f8300000,0x000014a6f8328000,0x000014a6f8380000)
  to   space 512K, 0% used [0x000014a6f8380000,0x000014a6f8380000,0x000014a6f8400000)
 ParOldGen       total 20839424K, used 19442242K [0x000014a180800000, 0x000014a678700000, 0x000014a6d5d80000)
  object space 20839424K, 93% used [0x000014a180800000,0x000014a623290948,0x000014a678700000)
 Metaspace       used 1271K, committed 1408K, reserved 1114112K
  class space    used 124K, committed 192K, reserved 1048576K
}
Event: 279.348 GC heap after
{Heap after GC invocations=66 (full 0):
 PSYoungGen      total 307712K, used 128K [0x000014a6d5d80000, 0x000014a6f8400000, 0x000014a980800000)
  eden space 307200K, 0% used [0x000014a6d5d80000,0x000014a6d5d80000,0x000014a6e8980000)
  from space 512K, 25% used [0x000014a6f8380000,0x000014a6f83a0000,0x000014a6f8400000)
  to   space 512K, 0% used [0x000014a6f8300000,0x000014a6f8300000,0x000014a6f8380000)
 ParOldGen       total 20839424K, used 19442242K [0x000014a180800000, 0x000014a678700000, 0x000014a6d5d80000)
  object space 20839424K, 93% used [0x000014a180800000,0x000014a623290948,0x000014a678700000)
 Metaspace       used 1271K, committed 1408K, reserved 1114112K
  class space    used 124K, committed 192K, reserved 1048576K
}
Event: 282.732 GC heap before
{Heap before GC invocations=67 (full 0):
 PSYoungGen      total 307712K, used 307328K [0x000014a6d5d80000, 0x000014a6f8400000, 0x000014a980800000)
  eden space 307200K, 100% used [0x000014a6d5d80000,0x000014a6e8980000,0x000014a6e8980000)
  from space 512K, 25% used [0x000014a6f8380000,0x000014a6f83a0000,0x000014a6f8400000)
  to   space 512K, 0% used [0x000014a6f8300000,0x000014a6f8300000,0x000014a6f8380000)
 ParOldGen       total 20839424K, used 19442242K [0x000014a180800000, 0x000014a678700000, 0x000014a6d5d80000)
  object space 20839424K, 93% used [0x000014a180800000,0x000014a623290948,0x000014a678700000)
 Metaspace       used 1271K, committed 1408K, reserved 1114112K
  class space    used 124K, committed 192K, reserved 1048576K
}
Event: 282.766 GC heap after
{Heap after GC invocations=67 (full 0):
 PSYoungGen      total 302080K, used 96K [0x000014a6d5d80000, 0x000014a6f8400000, 0x000014a980800000)
  eden space 301568K, 0% used [0x000014a6d5d80000,0x000014a6d5d80000,0x000014a6e8400000)
  from space 512K, 18% used [0x000014a6f8300000,0x000014a6f8318000,0x000014a6f8380000)
  to   space 512K, 0% used [0x000014a6f8380000,0x000014a6f8380000,0x000014a6f8400000)
 ParOldGen       total 20839424K, used 19442242K [0x000014a180800000, 0x000014a678700000, 0x000014a6d5d80000)
  object space 20839424K, 93% used [0x000014a180800000,0x000014a623290948,0x000014a678700000)
 Metaspace       used 1271K, committed 1408K, reserved 1114112K
  class space    used 124K, committed 192K, reserved 1048576K
}
Event: 286.081 GC heap before
{Heap before GC invocations=68 (full 0):
 PSYoungGen      total 302080K, used 301664K [0x000014a6d5d80000, 0x000014a6f8400000, 0x000014a980800000)
  eden space 301568K, 100% used [0x000014a6d5d80000,0x000014a6e8400000,0x000014a6e8400000)
  from space 512K, 18% used [0x000014a6f8300000,0x000014a6f8318000,0x000014a6f8380000)
  to   space 512K, 0% used [0x000014a6f8380000,0x000014a6f8380000,0x000014a6f8400000)
 ParOldGen       total 20839424K, used 19442242K [0x000014a180800000, 0x000014a678700000, 0x000014a6d5d80000)
  object space 20839424K, 93% used [0x000014a180800000,0x000014a623290948,0x000014a678700000)
 Metaspace       used 1271K, committed 1408K, reserved 1114112K
  class space    used 124K, committed 192K, reserved 1048576K
}
Event: 286.116 GC heap after
{Heap after GC invocations=68 (full 0):
 PSYoungGen      total 296960K, used 224K [0x000014a6d5d80000, 0x000014a6f8400000, 0x000014a980800000)
  eden space 296448K, 0% used [0x000014a6d5d80000,0x000014a6d5d80000,0x000014a6e7f00000)
  from space 512K, 43% used [0x000014a6f8380000,0x000014a6f83b8000,0x000014a6f8400000)
  to   space 512K, 0% used [0x000014a6f8300000,0x000014a6f8300000,0x000014a6f8380000)
 ParOldGen       total 20839424K, used 19442242K [0x000014a180800000, 0x000014a678700000, 0x000014a6d5d80000)
  object space 20839424K, 93% used [0x000014a180800000,0x000014a623290948,0x000014a678700000)
 Metaspace       used 1271K, committed 1408K, reserved 1114112K
  class space    used 124K, committed 192K, reserved 1048576K
}
Event: 289.372 GC heap before
{Heap before GC invocations=69 (full 0):
 PSYoungGen      total 296960K, used 296672K [0x000014a6d5d80000, 0x000014a6f8400000, 0x000014a980800000)
  eden space 296448K, 100% used [0x000014a6d5d80000,0x000014a6e7f00000,0x000014a6e7f00000)
  from space 512K, 43% used [0x000014a6f8380000,0x000014a6f83b8000,0x000014a6f8400000)
  to   space 512K, 0% used [0x000014a6f8300000,0x000014a6f8300000,0x000014a6f8380000)
 ParOldGen       total 20839424K, used 19442242K [0x000014a180800000, 0x000014a678700000, 0x000014a6d5d80000)
  object space 20839424K, 93% used [0x000014a180800000,0x000014a623290948,0x000014a678700000)
 Metaspace       used 1271K, committed 1408K, reserved 1114112K
  class space    used 124K, committed 192K, reserved 1048576K
}
Event: 289.407 GC heap after
{Heap after GC invocations=69 (full 0):
 PSYoungGen      total 356352K, used 96K [0x000014a6d5d80000, 0x000014a6f8400000, 0x000014a980800000)
  eden space 355840K, 0% used [0x000014a6d5d80000,0x000014a6d5d80000,0x000014a6eb900000)
  from space 512K, 18% used [0x000014a6f8300000,0x000014a6f8318000,0x000014a6f8380000)
  to   space 512K, 0% used [0x000014a6f8380000,0x000014a6f8380000,0x000014a6f8400000)
 ParOldGen       total 20839424K, used 19442242K [0x000014a180800000, 0x000014a678700000, 0x000014a6d5d80000)
  object space 20839424K, 93% used [0x000014a180800000,0x000014a623290948,0x000014a678700000)
 Metaspace       used 1271K, committed 1408K, reserved 1114112K
  class space    used 124K, committed 192K, reserved 1048576K
}
Event: 293.394 GC heap before
{Heap before GC invocations=70 (full 0):
 PSYoungGen      total 356352K, used 355936K [0x000014a6d5d80000, 0x000014a6f8400000, 0x000014a980800000)
  eden space 355840K, 100% used [0x000014a6d5d80000,0x000014a6eb900000,0x000014a6eb900000)
  from space 512K, 18% used [0x000014a6f8300000,0x000014a6f8318000,0x000014a6f8380000)
  to   space 512K, 0% used [0x000014a6f8380000,0x000014a6f8380000,0x000014a6f8400000)
 ParOldGen       total 20839424K, used 19442242K [0x000014a180800000, 0x000014a678700000, 0x000014a6d5d80000)
  object space 20839424K, 93% used [0x000014a180800000,0x000014a623290948,0x000014a678700000)
 Metaspace       used 1271K, committed 1408K, reserved 1114112K
  class space    used 124K, committed 192K, reserved 1048576K
}
Event: 293.429 GC heap after
{Heap after GC invocations=70 (full 0):
 PSYoungGen      total 349184K, used 64K [0x000014a6d5d80000, 0x000014a6f8400000, 0x000014a980800000)
  eden space 348672K, 0% used [0x000014a6d5d80000,0x000014a6d5d80000,0x000014a6eb200000)
  from space 512K, 12% used [0x000014a6f8380000,0x000014a6f8390000,0x000014a6f8400000)
  to   space 512K, 0% used [0x000014a6f8300000,0x000014a6f8300000,0x000014a6f8380000)
 ParOldGen       total 20839424K, used 19442242K [0x000014a180800000, 0x000014a678700000, 0x000014a6d5d80000)
  object space 20839424K, 93% used [0x000014a180800000,0x000014a623290948,0x000014a678700000)
 Metaspace       used 1271K, committed 1408K, reserved 1114112K
  class space    used 124K, committed 192K, reserved 1048576K
}

